<?xml version="1.0" encoding="UTF-8"?>
<testsuite xmlns:xsi="http://www.w3.org/2001/XMLSchema-instance" xsi:noNamespaceSchemaLocation="https://maven.apache.org/surefire/maven-surefire-plugin/xsd/surefire-test-report.xsd" name="com.ing.code.CustomerProfilingApplicationTests" time="2.935" tests="8" errors="8" skipped="0" failures="0">
  <properties>
[...]
</properties>
  <testcase name="shouldReturnMorningPersonAsClassificationType" classname="com.ing.code.CustomerProfilingApplicationTests" time="0.119">
    <error type="java.lang.NullPointerException">java.lang.NullPointerException
	at com.ing.code.CustomerProfilingApplicationTests.setup(CustomerProfilingApplicationTests.java:29)
</error>
    <system-out><![CDATA[22:13:07.738 [main] DEBUG org.springframework.test.context.junit4.SpringJUnit4ClassRunner - SpringJUnit4ClassRunner constructor called with [class com.ing.code.CustomerProfilingApplicationTests]
22:13:07.743 [main] DEBUG org.springframework.test.context.BootstrapUtils - Instantiating CacheAwareContextLoaderDelegate from class [org.springframework.test.context.cache.DefaultCacheAwareContextLoaderDelegate]
22:13:07.749 [main] DEBUG org.springframework.test.context.BootstrapUtils - Instantiating BootstrapContext using constructor [public org.springframework.test.context.support.DefaultBootstrapContext(java.lang.Class,org.springframework.test.context.CacheAwareContextLoaderDelegate)]
22:13:07.767 [main] DEBUG org.springframework.test.context.BootstrapUtils - Instantiating TestContextBootstrapper for test class [com.ing.code.CustomerProfilingApplicationTests] from class [org.springframework.boot.test.context.SpringBootTestContextBootstrapper]
22:13:07.778 [main] INFO org.springframework.boot.test.context.SpringBootTestContextBootstrapper - Neither @ContextConfiguration nor @ContextHierarchy found for test class [com.ing.code.CustomerProfilingApplicationTests], using SpringBootContextLoader
22:13:07.781 [main] DEBUG org.springframework.test.context.support.AbstractContextLoader - Did not detect default resource location for test class [com.ing.code.CustomerProfilingApplicationTests]: class path resource [com/ing/code/CustomerProfilingApplicationTests-context.xml] does not exist
22:13:07.781 [main] DEBUG org.springframework.test.context.support.AbstractContextLoader - Did not detect default resource location for test class [com.ing.code.CustomerProfilingApplicationTests]: class path resource [com/ing/code/CustomerProfilingApplicationTestsContext.groovy] does not exist
22:13:07.781 [main] INFO org.springframework.test.context.support.AbstractContextLoader - Could not detect default resource locations for test class [com.ing.code.CustomerProfilingApplicationTests]: no resource found for suffixes {-context.xml, Context.groovy}.
22:13:07.782 [main] INFO org.springframework.test.context.support.AnnotationConfigContextLoaderUtils - Could not detect default configuration classes for test class [com.ing.code.CustomerProfilingApplicationTests]: CustomerProfilingApplicationTests does not declare any static, non-private, non-final, nested classes annotated with @Configuration.
22:13:07.814 [main] DEBUG org.springframework.test.context.support.ActiveProfilesUtils - Could not find an 'annotation declaring class' for annotation type [org.springframework.test.context.ActiveProfiles] and class [com.ing.code.CustomerProfilingApplicationTests]
22:13:07.894 [main] DEBUG org.springframework.context.annotation.ClassPathScanningCandidateComponentProvider - Identified candidate component class: file [/Users/akanksha/Documents/STSWorkspace/customer-profiling/target/classes/com/ing/code/CustomerProfilingApplication.class]
22:13:07.895 [main] INFO org.springframework.boot.test.context.SpringBootTestContextBootstrapper - Found @SpringBootConfiguration com.ing.code.CustomerProfilingApplication for test class com.ing.code.CustomerProfilingApplicationTests
22:13:07.976 [main] DEBUG org.springframework.boot.test.context.SpringBootTestContextBootstrapper - @TestExecutionListeners is not present for class [com.ing.code.CustomerProfilingApplicationTests]: using defaults.
22:13:07.977 [main] INFO org.springframework.boot.test.context.SpringBootTestContextBootstrapper - Loaded default TestExecutionListener class names from location [META-INF/spring.factories]: [org.springframework.boot.test.mock.mockito.MockitoTestExecutionListener, org.springframework.boot.test.mock.mockito.ResetMocksTestExecutionListener, org.springframework.boot.test.autoconfigure.restdocs.RestDocsTestExecutionListener, org.springframework.boot.test.autoconfigure.web.client.MockRestServiceServerResetTestExecutionListener, org.springframework.boot.test.autoconfigure.web.servlet.MockMvcPrintOnlyOnFailureTestExecutionListener, org.springframework.boot.test.autoconfigure.web.servlet.WebDriverTestExecutionListener, org.springframework.test.context.web.ServletTestExecutionListener, org.springframework.test.context.support.DirtiesContextBeforeModesTestExecutionListener, org.springframework.test.context.support.DependencyInjectionTestExecutionListener, org.springframework.test.context.support.DirtiesContextTestExecutionListener, org.springframework.test.context.transaction.TransactionalTestExecutionListener, org.springframework.test.context.jdbc.SqlScriptsTestExecutionListener]
22:13:07.994 [main] DEBUG org.springframework.boot.test.context.SpringBootTestContextBootstrapper - Skipping candidate TestExecutionListener [org.springframework.test.context.transaction.TransactionalTestExecutionListener] due to a missing dependency. Specify custom listener classes or make the default listener classes and their required dependencies available. Offending class: [org/springframework/transaction/interceptor/TransactionAttributeSource]
22:13:07.995 [main] DEBUG org.springframework.boot.test.context.SpringBootTestContextBootstrapper - Skipping candidate TestExecutionListener [org.springframework.test.context.jdbc.SqlScriptsTestExecutionListener] due to a missing dependency. Specify custom listener classes or make the default listener classes and their required dependencies available. Offending class: [org/springframework/transaction/interceptor/TransactionAttribute]
22:13:07.996 [main] INFO org.springframework.boot.test.context.SpringBootTestContextBootstrapper - Using TestExecutionListeners: [org.springframework.test.context.web.ServletTestExecutionListener@333291e3, org.springframework.test.context.support.DirtiesContextBeforeModesTestExecutionListener@479d31f3, org.springframework.boot.test.mock.mockito.MockitoTestExecutionListener@40ef3420, org.springframework.boot.test.autoconfigure.SpringBootDependencyInjectionTestExecutionListener@498d318c, org.springframework.test.context.support.DirtiesContextTestExecutionListener@6e171cd7, org.springframework.boot.test.mock.mockito.ResetMocksTestExecutionListener@402bba4f, org.springframework.boot.test.autoconfigure.restdocs.RestDocsTestExecutionListener@795cd85e, org.springframework.boot.test.autoconfigure.web.client.MockRestServiceServerResetTestExecutionListener@59fd97a8, org.springframework.boot.test.autoconfigure.web.servlet.MockMvcPrintOnlyOnFailureTestExecutionListener@f5ac9e4, org.springframework.boot.test.autoconfigure.web.servlet.WebDriverTestExecutionListener@123ef382]
22:13:08.004 [main] DEBUG org.springframework.test.annotation.ProfileValueUtils - Retrieved @ProfileValueSourceConfiguration [null] for test class [com.ing.code.CustomerProfilingApplicationTests]
22:13:08.005 [main] DEBUG org.springframework.test.annotation.ProfileValueUtils - Retrieved ProfileValueSource type [class org.springframework.test.annotation.SystemProfileValueSource] for class [com.ing.code.CustomerProfilingApplicationTests]
22:13:08.007 [main] DEBUG org.springframework.test.annotation.ProfileValueUtils - Retrieved @ProfileValueSourceConfiguration [null] for test class [com.ing.code.CustomerProfilingApplicationTests]
22:13:08.007 [main] DEBUG org.springframework.test.annotation.ProfileValueUtils - Retrieved ProfileValueSource type [class org.springframework.test.annotation.SystemProfileValueSource] for class [com.ing.code.CustomerProfilingApplicationTests]
22:13:08.008 [main] DEBUG org.springframework.test.annotation.ProfileValueUtils - Retrieved @ProfileValueSourceConfiguration [null] for test class [com.ing.code.CustomerProfilingApplicationTests]
22:13:08.008 [main] DEBUG org.springframework.test.annotation.ProfileValueUtils - Retrieved ProfileValueSource type [class org.springframework.test.annotation.SystemProfileValueSource] for class [com.ing.code.CustomerProfilingApplicationTests]
22:13:08.013 [main] DEBUG org.springframework.test.context.support.AbstractDirtiesContextTestExecutionListener - Before test class: context [DefaultTestContext@6356695f testClass = CustomerProfilingApplicationTests, testInstance = [null], testMethod = [null], testException = [null], mergedContextConfiguration = [WebMergedContextConfiguration@4f18837a testClass = CustomerProfilingApplicationTests, locations = '{}', classes = '{class com.ing.code.CustomerProfilingApplication}', contextInitializerClasses = '[]', activeProfiles = '{}', propertySourceLocations = '{}', propertySourceProperties = '{org.springframework.boot.test.context.SpringBootTestContextBootstrapper=true}', contextCustomizers = set[org.springframework.boot.test.context.filter.ExcludeFilterContextCustomizer@305fd85d, org.springframework.boot.test.json.DuplicateJsonObjectContextCustomizerFactory$DuplicateJsonObjectContextCustomizer@34cd072c, org.springframework.boot.test.mock.mockito.MockitoContextCustomizer@0, org.springframework.boot.test.web.client.TestRestTemplateContextCustomizer@7a187f14, org.springframework.boot.test.autoconfigure.properties.PropertyMappingContextCustomizer@0, org.springframework.boot.test.autoconfigure.web.servlet.WebDriverContextCustomizerFactory$Customizer@23d2a7e8], resourceBasePath = 'src/main/webapp', contextLoader = 'org.springframework.boot.test.context.SpringBootContextLoader', parent = [null]], attributes = map['org.springframework.test.context.web.ServletTestExecutionListener.activateListener' -> true]], class annotated with @DirtiesContext [false] with mode [null].
22:13:08.014 [main] DEBUG org.springframework.test.annotation.ProfileValueUtils - Retrieved @ProfileValueSourceConfiguration [null] for test class [com.ing.code.CustomerProfilingApplicationTests]
22:13:08.016 [main] DEBUG org.springframework.test.annotation.ProfileValueUtils - Retrieved ProfileValueSource type [class org.springframework.test.annotation.SystemProfileValueSource] for class [com.ing.code.CustomerProfilingApplicationTests]
22:13:08.037 [main] DEBUG org.springframework.test.context.support.TestPropertySourceUtils - Adding inlined properties to environment: {spring.jmx.enabled=false, org.springframework.boot.test.context.SpringBootTestContextBootstrapper=true, server.port=-1}

  .   ____          _            __ _ _
 /\\ / ___'_ __ _ _(_)_ __  __ _ \ \ \ \
( ( )\___ | '_ | '_| | '_ \/ _` | \ \ \ \
 \\/  ___)| |_)| | | | | || (_| |  ) ) ) )
  '  |____| .__|_| |_|_| |_\__, | / / / /
 =========|_|==============|___/=/_/_/_/
 :: Spring Boot ::        (v2.1.2.RELEASE)

2019-02-08 22:13:08.285  INFO 67205 --- [           main] c.i.c.CustomerProfilingApplicationTests  : Starting CustomerProfilingApplicationTests on 192-168-1-104.tpgi.com.au with PID 67205 (started by akanksha in /Users/akanksha/Documents/STSWorkspace/customer-profiling)
2019-02-08 22:13:08.289  INFO 67205 --- [           main] c.i.c.CustomerProfilingApplicationTests  : No active profile set, falling back to default profiles: default
2019-02-08 22:13:10.009  INFO 67205 --- [           main] o.s.s.concurrent.ThreadPoolTaskExecutor  : Initializing ExecutorService 'applicationTaskExecutor'
2019-02-08 22:13:10.226  INFO 67205 --- [           main] o.s.b.a.w.s.WelcomePageHandlerMapping    : Adding welcome page template: index
2019-02-08 22:13:10.382  INFO 67205 --- [           main] c.i.c.CustomerProfilingApplicationTests  : Started CustomerProfilingApplicationTests in 2.327 seconds (JVM running for 3.04)
]]></system-out>
  </testcase>
  <testcase name="shouldReturnBigTicketSpenderAsClassificationType" classname="com.ing.code.CustomerProfilingApplicationTests" time="0.003">
    <error type="java.lang.NullPointerException">java.lang.NullPointerException
	at com.ing.code.CustomerProfilingApplicationTests.setup(CustomerProfilingApplicationTests.java:29)
</error>
  </testcase>
  <testcase name="validateBalance" classname="com.ing.code.CustomerProfilingApplicationTests" time="0.003">
    <error type="java.lang.NullPointerException">java.lang.NullPointerException
	at com.ing.code.CustomerProfilingApplicationTests.setup(CustomerProfilingApplicationTests.java:29)
</error>
  </testcase>
  <testcase name="shouldReturnPotentialSaverAsClassificationType" classname="com.ing.code.CustomerProfilingApplicationTests" time="0.002">
    <error type="java.lang.NullPointerException">java.lang.NullPointerException
	at com.ing.code.CustomerProfilingApplicationTests.setup(CustomerProfilingApplicationTests.java:29)
</error>
  </testcase>
  <testcase name="shouldReturnBigSpenderAsClassificationType" classname="com.ing.code.CustomerProfilingApplicationTests" time="0.002">
    <error type="java.lang.NullPointerException">java.lang.NullPointerException
	at com.ing.code.CustomerProfilingApplicationTests.setup(CustomerProfilingApplicationTests.java:29)
</error>
  </testcase>
  <testcase name="shouldReturnFastSpenderAsClassificationType" classname="com.ing.code.CustomerProfilingApplicationTests" time="0.003">
    <error type="java.lang.NullPointerException">java.lang.NullPointerException
	at com.ing.code.CustomerProfilingApplicationTests.setup(CustomerProfilingApplicationTests.java:29)
</error>
  </testcase>
  <testcase name="shouldReturnPotentialLoanCustomerAsClassificationType" classname="com.ing.code.CustomerProfilingApplicationTests" time="0.002">
    <error type="java.lang.NullPointerException">java.lang.NullPointerException
	at com.ing.code.CustomerProfilingApplicationTests.setup(CustomerProfilingApplicationTests.java:29)
</error>
  </testcase>
  <testcase name="shouldReturnAfterNoonPersonAsClassificationType" classname="com.ing.code.CustomerProfilingApplicationTests" time="0.002">
    <error type="java.lang.NullPointerException">java.lang.NullPointerException
	at com.ing.code.CustomerProfilingApplicationTests.setup(CustomerProfilingApplicationTests.java:29)
</error>
  </testcase>
</testsuite>